WeiDuCinema/app/build/intermediates/manifest_merge_blame_file/release/manifest-merger-blame-release-report.txt
1<?xml version="1.0" encoding="utf-8"?>
2<manifest xmlns:android="http://schemas.android.com/apk/res/android"
3    package="com.bw.movie"
4    android:versionCode="1"
5    android:versionName="1.0" >
6
7    <uses-sdk
8        android:minSdkVersion="16"
8-->src\main\AndroidManifest.xml
9        android:targetSdkVersion="29" />
9-->src\main\AndroidManifest.xml
10
11    <uses-permission android:name="android.permission.INTERNET" />
11-->src\main\AndroidManifest.xml:6:5-67
11-->src\main\AndroidManifest.xml:6:22-64
12    <uses-permission android:name="android.permission.ACCESS_NETWORK_STATE" /> <!-- 这个权限用于进行网络定位 -->
12-->src\main\AndroidManifest.xml:7:5-79
12-->src\main\AndroidManifest.xml:7:22-76
13    <uses-permission android:name="android.permission.ACCESS_COARSE_LOCATION" /> <!-- 这个权限用于访问GPS定位 -->
13-->src\main\AndroidManifest.xml:8:5-81
13-->src\main\AndroidManifest.xml:8:22-78
14    <uses-permission android:name="android.permission.ACCESS_FINE_LOCATION" /> <!-- 用于访问wifi网络信息，wifi信息会用于进行网络定位 -->
14-->src\main\AndroidManifest.xml:9:5-79
14-->src\main\AndroidManifest.xml:9:22-76
15    <uses-permission android:name="android.permission.ACCESS_WIFI_STATE" /> <!-- 获取运营商信息，用于支持提供运营商信息相关的接口 -->
15-->src\main\AndroidManifest.xml:10:5-76
15-->src\main\AndroidManifest.xml:10:22-73
16    <uses-permission android:name="android.permission.CHANGE_WIFI_STATE" /> <!-- 用于读取手机当前的状态 -->
16-->src\main\AndroidManifest.xml:11:5-76
16-->src\main\AndroidManifest.xml:11:22-73
17    <uses-permission android:name="android.permission.READ_PHONE_STATE" /> <!-- 写入扩展存储，向扩展卡写入数据，用于写入离线定位数据 -->
17-->src\main\AndroidManifest.xml:12:5-75
17-->src\main\AndroidManifest.xml:12:22-72
18    <uses-permission android:name="android.permission.WRITE_EXTERNAL_STORAGE" />
18-->src\main\AndroidManifest.xml:13:5-81
18-->src\main\AndroidManifest.xml:13:22-78
19    <uses-permission android:name="android.permission.CAMERA" />
19-->src\main\AndroidManifest.xml:14:5-65
19-->src\main\AndroidManifest.xml:14:22-62
20    <uses-permission android:name="android.permission.REQUEST_INSTALL_PACKAGES" />
20-->src\main\AndroidManifest.xml:15:5-82
20-->src\main\AndroidManifest.xml:15:22-80
21
22    <supports-screens
22-->[:alipaySdk-15.7.9-20200727142846:] AndroidManifest.xml:11:5-16:39
23        android:anyDensity="true"
23-->[:alipaySdk-15.7.9-20200727142846:] AndroidManifest.xml:12:9-34
24        android:largeScreens="true"
24-->[:alipaySdk-15.7.9-20200727142846:] AndroidManifest.xml:13:9-36
25        android:normalScreens="true"
25-->[:alipaySdk-15.7.9-20200727142846:] AndroidManifest.xml:14:9-37
26        android:resizeable="true"
26-->[:alipaySdk-15.7.9-20200727142846:] AndroidManifest.xml:15:9-34
27        android:smallScreens="true" />
27-->[:alipaySdk-15.7.9-20200727142846:] AndroidManifest.xml:16:9-36
28
29    <application
29-->src\main\AndroidManifest.xml:18:5-117:19
30        android:name="com.bw.movie.application.App"
30-->src\main\AndroidManifest.xml:19:9-40
31        android:allowBackup="true"
31-->src\main\AndroidManifest.xml:20:9-35
32        android:appComponentFactory="androidx.core.app.CoreComponentFactory"
32-->[androidx.core:core:1.1.0] AndroidManifest.xml:24:18-86
33        android:icon="@mipmap/cinema"
33-->src\main\AndroidManifest.xml:21:9-38
34        android:label="@string/app_name"
34-->src\main\AndroidManifest.xml:22:9-41
35        android:networkSecurityConfig="@xml/network_security_config"
35-->src\main\AndroidManifest.xml:25:9-69
36        android:roundIcon="@mipmap/ic_launcher_round"
36-->src\main\AndroidManifest.xml:23:9-54
37        android:supportsRtl="true"
37-->src\main\AndroidManifest.xml:24:9-35
38        android:theme="@style/Theme.AppCompat.Light.NoActionBar" >
38-->src\main\AndroidManifest.xml:26:9-65
39        <activity android:name="com.bw.movie.view.activity.mine.SysMsgAllActivity" />
39-->src\main\AndroidManifest.xml:27:9-83
39-->src\main\AndroidManifest.xml:27:19-71
40        <activity
40-->src\main\AndroidManifest.xml:28:9-30:70
41            android:name="com.bw.movie.view.activity.mine.MineInfoActivity"
41-->src\main\AndroidManifest.xml:29:13-64
42            android:windowSoftInputMode="adjustResize|stateHidden" />
42-->src\main\AndroidManifest.xml:30:13-67
43        <activity android:name="com.bw.movie.view.activity.mine.MineTicketActivity" />
43-->src\main\AndroidManifest.xml:31:9-75
43-->src\main\AndroidManifest.xml:31:19-72
44        <activity android:name="com.bw.movie.view.activity.mine.RecordDetailActivity" />
44-->src\main\AndroidManifest.xml:32:9-77
44-->src\main\AndroidManifest.xml:32:19-74
45        <activity android:name="com.bw.movie.view.activity.mine.MineTicketRecordActivity" />
45-->src\main\AndroidManifest.xml:33:9-81
45-->src\main\AndroidManifest.xml:33:19-78
46        <activity android:name="com.bw.movie.view.activity.mine.NewVersionActivity" />
46-->src\main\AndroidManifest.xml:34:9-75
46-->src\main\AndroidManifest.xml:34:19-72
47        <activity android:name="com.bw.movie.view.activity.mine.UserSetActivity" />
47-->src\main\AndroidManifest.xml:35:9-72
47-->src\main\AndroidManifest.xml:35:19-69
48        <activity
48-->src\main\AndroidManifest.xml:36:9-38:39
49            android:name="com.bw.movie.wxapi.WXPayEntryActivity"
49-->src\main\AndroidManifest.xml:37:13-53
50            android:exported="true" />
50-->src\main\AndroidManifest.xml:38:13-36
51        <activity
51-->src\main\AndroidManifest.xml:39:9-41:39
52            android:name="com.bw.movie.wxapi.WXEntryActivity"
52-->src\main\AndroidManifest.xml:40:13-50
53            android:exported="true" />
53-->src\main\AndroidManifest.xml:41:13-36
54        <activity android:name="com.bw.movie.view.activity.mine.MineCommentActivity" />
54-->src\main\AndroidManifest.xml:42:9-76
54-->src\main\AndroidManifest.xml:42:19-73
55        <activity android:name="com.bw.movie.view.activity.mine.UserSeenActivity" />
55-->src\main\AndroidManifest.xml:43:9-73
55-->src\main\AndroidManifest.xml:43:19-70
56        <activity android:name="com.bw.movie.view.activity.mine.FeedBackActivity" />
56-->src\main\AndroidManifest.xml:44:9-73
56-->src\main\AndroidManifest.xml:44:19-70
57        <activity android:name="com.bw.movie.view.activity.mine.MineReserveActivity" />
57-->src\main\AndroidManifest.xml:45:9-76
57-->src\main\AndroidManifest.xml:45:19-73
58        <activity android:name="com.bw.movie.view.activity.mine.MineFollowActivity" />
58-->src\main\AndroidManifest.xml:46:9-75
58-->src\main\AndroidManifest.xml:46:19-72
59        <activity android:name="com.bw.movie.view.activity.CommentDetailActivity" />
59-->src\main\AndroidManifest.xml:47:9-73
59-->src\main\AndroidManifest.xml:47:19-70
60        <activity android:name="com.bw.movie.view.activity.WriteCommentActivity" />
60-->src\main\AndroidManifest.xml:48:9-72
60-->src\main\AndroidManifest.xml:48:19-69
61        <activity android:name="com.bw.movie.view.activity.BuyTicketActivity" />
61-->src\main\AndroidManifest.xml:49:9-69
61-->src\main\AndroidManifest.xml:49:19-66
62        <activity android:name="com.bw.movie.view.activity.SelectCinemaActivity" />
62-->src\main\AndroidManifest.xml:50:9-72
62-->src\main\AndroidManifest.xml:50:19-69
63        <activity android:name="com.bw.movie.view.activity.CinemaMovieListActivity" />
63-->src\main\AndroidManifest.xml:51:9-75
63-->src\main\AndroidManifest.xml:51:19-72
64        <activity android:name="com.bw.movie.view.activity.CinemaInfoActivity" />
64-->src\main\AndroidManifest.xml:52:9-70
64-->src\main\AndroidManifest.xml:52:19-67
65        <activity android:name="com.bw.movie.view.activity.DetailMovieActivity" />
65-->src\main\AndroidManifest.xml:53:9-71
65-->src\main\AndroidManifest.xml:53:19-68
66        <activity android:name="com.bw.movie.view.activity.ForgetPwdActivity" />
66-->src\main\AndroidManifest.xml:54:9-69
66-->src\main\AndroidManifest.xml:54:19-66
67        <activity android:name="com.bw.movie.view.activity.MoreActivity" />
67-->src\main\AndroidManifest.xml:55:9-64
67-->src\main\AndroidManifest.xml:55:19-61
68        <activity android:name="com.bw.movie.view.activity.SeekActivity" />
68-->src\main\AndroidManifest.xml:56:9-64
68-->src\main\AndroidManifest.xml:56:19-61
69        <activity android:name="com.bw.movie.view.activity.NotNetActivity" />
69-->src\main\AndroidManifest.xml:57:9-66
69-->src\main\AndroidManifest.xml:57:19-63
70        <activity android:name="com.bw.movie.view.activity.WelcomeActivity" >
70-->src\main\AndroidManifest.xml:58:9-64:20
70-->src\main\AndroidManifest.xml:58:19-64
71            <intent-filter>
71-->src\main\AndroidManifest.xml:59:13-63:29
72                <action android:name="android.intent.action.MAIN" />
72-->src\main\AndroidManifest.xml:60:17-69
72-->src\main\AndroidManifest.xml:60:25-66
73
74                <category android:name="android.intent.category.LAUNCHER" />
74-->src\main\AndroidManifest.xml:62:17-77
74-->src\main\AndroidManifest.xml:62:27-74
75            </intent-filter>
76        </activity>
77        <activity
77-->src\main\AndroidManifest.xml:65:9-67:47
78            android:name="com.bw.movie.view.activity.HomeActivity"
78-->src\main\AndroidManifest.xml:66:13-55
79            android:launchMode="singleTask" />
79-->src\main\AndroidManifest.xml:67:13-44
80        <activity android:name="com.bw.movie.view.activity.RegisterActivity" />
80-->src\main\AndroidManifest.xml:68:9-68
80-->src\main\AndroidManifest.xml:68:19-65
81        <activity android:name="com.bw.movie.view.activity.LoginActivity" />
81-->src\main\AndroidManifest.xml:69:9-65
81-->src\main\AndroidManifest.xml:69:19-62
82
83        <meta-data
83-->src\main\AndroidManifest.xml:71:9-73:64
84            android:name="com.amap.api.v2.apikey"
84-->src\main\AndroidManifest.xml:72:13-50
85            android:value="a5dfae1541555ee67b766d396f8e062b" />
85-->src\main\AndroidManifest.xml:73:13-61
86
87        <service android:name="com.amap.api.location.APSService" />
87-->src\main\AndroidManifest.xml:75:9-68
87-->src\main\AndroidManifest.xml:75:18-65
88
89        <receiver android:name="com.bw.movie.receive.InstallReceiver" >
89-->src\main\AndroidManifest.xml:77:9-81:20
89-->src\main\AndroidManifest.xml:77:19-58
90            <intent-filter>
90-->src\main\AndroidManifest.xml:78:13-80:29
91                <action android:name="android.intent.action.DOWNLOAD_COMPLETE" />
91-->src\main\AndroidManifest.xml:79:17-82
91-->src\main\AndroidManifest.xml:79:25-79
92            </intent-filter>
93        </receiver>
94
95        <!-- 腾讯信鸽 -->
96        <!-- <receiver -->
97        <!-- android:name="com.tencent.android.tpush.XGPushReceiver" -->
98        <!-- android:process=":xg_service_v4" > -->
99        <!-- <intent-filter android:priority="0x7fffffff" > -->
100
101
102        <!-- &lt;!&ndash; 【必须】 信鸽SDK的内部广播 &ndash;&gt; -->
103        <!-- <action android:name="com.tencent.android.tpush.action.SDK" /> -->
104        <!-- android:name="com.tencent.android.tpush.action.INTERNAL_PUSH_MESSAGE" /> -->
105        <!-- &lt;!&ndash; 【必须】 系统广播：网络切换 &ndash;&gt; -->
106        <!-- <action android:name="android.net.conn.CONNECTIVITY_CHANGE" /> -->
107
108
109        <!-- &lt;!&ndash; 【可选】 系统广播：开屏 &ndash;&gt; -->
110        <!-- <action android:name="android.intent.action.USER_PRESENT" /> -->
111
112
113        <!-- &lt;!&ndash; 【可选】 一些常用的系统广播，增强信鸽service的复活机会，请根据需要选择。当然，你也可以添加APP自定义的一些广播让启动service &ndash;&gt; -->
114        <!-- <action android:name="android.bluetooth.adapter.action.STATE_CHANGED" /> -->
115        <!-- <action android:name="android.intent.action.ACTION_POWER_CONNECTED" /> -->
116        <!-- <action android:name="android.intent.action.ACTION_POWER_DISCONNECTED" /> -->
117        <!-- </intent-filter> -->
118        <!-- &lt;!&ndash; 【可选】 usb相关的系统广播，增强信鸽service的复活机会，请根据需要添加 &ndash;&gt; -->
119        <!-- <intent-filter android:priority="0x7fffffff" > -->
120        <!-- <action android:name="android.intent.action.MEDIA_UNMOUNTED" /> -->
121        <!-- <action android:name="android.intent.action.MEDIA_REMOVED" /> -->
122        <!-- <action android:name="android.intent.action.MEDIA_CHECKING" /> -->
123        <!-- <action android:name="android.intent.action.MEDIA_EJECT" /> -->
124
125
126        <!-- <data android:scheme="file" /> -->
127        <!-- </intent-filter> -->
128        <!-- </receiver> -->
129
130        <activity
130-->[cn.yipianfengye.android:zxing-library:2.2] AndroidManifest.xml:12:9-17:63
131            android:name="com.uuzuche.lib_zxing.activity.CaptureActivity"
131-->[cn.yipianfengye.android:zxing-library:2.2] AndroidManifest.xml:13:13-74
132            android:configChanges="orientation|keyboardHidden"
132-->[cn.yipianfengye.android:zxing-library:2.2] AndroidManifest.xml:14:13-63
133            android:screenOrientation="portrait"
133-->[cn.yipianfengye.android:zxing-library:2.2] AndroidManifest.xml:15:13-49
134            android:theme="@style/Theme.AppCompat.NoActionBar"
134-->[cn.yipianfengye.android:zxing-library:2.2] AndroidManifest.xml:16:13-63
135            android:windowSoftInputMode="stateAlwaysHidden" />
135-->[cn.yipianfengye.android:zxing-library:2.2] AndroidManifest.xml:17:13-60
136
137        <uses-library
137-->[:alipaySdk-15.7.9-20200727142846:] AndroidManifest.xml:23:9-25:40
138            android:name="org.apache.http.legacy"
138-->[:alipaySdk-15.7.9-20200727142846:] AndroidManifest.xml:24:13-50
139            android:required="false" />
139-->[:alipaySdk-15.7.9-20200727142846:] AndroidManifest.xml:25:13-37
140
141        <activity
141-->[:alipaySdk-15.7.9-20200727142846:] AndroidManifest.xml:27:9-31:20
142            android:name="com.alipay.sdk.app.H5PayActivity"
142-->[:alipaySdk-15.7.9-20200727142846:] AndroidManifest.xml:28:13-60
143            android:configChanges="orientation|keyboardHidden|navigation|screenSize"
143-->[:alipaySdk-15.7.9-20200727142846:] AndroidManifest.xml:29:13-85
144            android:exported="false" >
144-->[:alipaySdk-15.7.9-20200727142846:] AndroidManifest.xml:30:13-37
145        </activity>
146        <activity
146-->[:alipaySdk-15.7.9-20200727142846:] AndroidManifest.xml:32:9-36:20
147            android:name="com.alipay.sdk.app.H5AuthActivity"
147-->[:alipaySdk-15.7.9-20200727142846:] AndroidManifest.xml:33:13-61
148            android:configChanges="orientation|keyboardHidden|navigation|screenSize"
148-->[:alipaySdk-15.7.9-20200727142846:] AndroidManifest.xml:34:13-85
149            android:exported="false" >
149-->[:alipaySdk-15.7.9-20200727142846:] AndroidManifest.xml:35:13-37
150        </activity>
151        <activity
151-->[:alipaySdk-15.7.9-20200727142846:] AndroidManifest.xml:37:9-46:20
152            android:name="com.alipay.sdk.app.PayResultActivity"
152-->[:alipaySdk-15.7.9-20200727142846:] AndroidManifest.xml:38:13-64
153            android:configChanges="orientation|keyboardHidden|navigation|screenSize"
153-->[:alipaySdk-15.7.9-20200727142846:] AndroidManifest.xml:39:13-85
154            android:exported="true"
154-->[:alipaySdk-15.7.9-20200727142846:] AndroidManifest.xml:40:13-36
155            android:launchMode="singleInstance"
155-->[:alipaySdk-15.7.9-20200727142846:] AndroidManifest.xml:41:13-48
156            android:theme="@android:style/Theme.Translucent.NoTitleBar" >
156-->[:alipaySdk-15.7.9-20200727142846:] AndroidManifest.xml:42:13-72
157            <intent-filter>
157-->[:alipaySdk-15.7.9-20200727142846:] AndroidManifest.xml:43:13-45:29
158                <category android:name="android.intent.category.DEFAULT" />
158-->[:alipaySdk-15.7.9-20200727142846:] AndroidManifest.xml:44:17-76
158-->[:alipaySdk-15.7.9-20200727142846:] AndroidManifest.xml:44:27-73
159            </intent-filter>
160        </activity>
161        <activity
161-->[:alipaySdk-15.7.9-20200727142846:] AndroidManifest.xml:47:9-52:20
162            android:name="com.alipay.sdk.app.AlipayResultActivity"
162-->[:alipaySdk-15.7.9-20200727142846:] AndroidManifest.xml:48:13-67
163            android:exported="true"
163-->[:alipaySdk-15.7.9-20200727142846:] AndroidManifest.xml:49:13-36
164            android:launchMode="singleTask"
164-->[:alipaySdk-15.7.9-20200727142846:] AndroidManifest.xml:50:13-44
165            android:theme="@android:style/Theme.Translucent.NoTitleBar" >
165-->[:alipaySdk-15.7.9-20200727142846:] AndroidManifest.xml:51:13-72
166        </activity>
167        <activity
167-->[:alipaySdk-15.7.9-20200727142846:] AndroidManifest.xml:53:9-59:20
168            android:name="com.alipay.sdk.app.H5OpenAuthActivity"
168-->[:alipaySdk-15.7.9-20200727142846:] AndroidManifest.xml:54:13-65
169            android:configChanges="orientation|keyboardHidden|navigation|screenSize"
169-->[:alipaySdk-15.7.9-20200727142846:] AndroidManifest.xml:55:13-85
170            android:exported="false"
170-->[:alipaySdk-15.7.9-20200727142846:] AndroidManifest.xml:56:13-37
171            android:screenOrientation="behind"
171-->[:alipaySdk-15.7.9-20200727142846:] AndroidManifest.xml:57:13-47
172            android:windowSoftInputMode="adjustResize|stateHidden" >
172-->[:alipaySdk-15.7.9-20200727142846:] AndroidManifest.xml:58:13-67
173        </activity>
174    </application>
175
176</manifest>